20230908	19:52:32	7ceb2a0a-0947-4aec-be17-411e2ebb92fe	GET	/asset-nft-address	undefined
20230908	19:54:27	88108576-9e34-4ab7-acc4-8a4c4c1f4928	POST	/asset-nft-address	undefined
20230908	19:55:21	ca52b873-9898-4110-a7e5-e1effb12db5a	POST	/asset-nft-address	undefined
20230908	19:57:12	a67249fa-70ad-45c8-a0eb-8611dd5065aa	POST	/asset-nft-address	undefined
20230908	19:58:39	a37b0b83-f644-4e0e-afda-622428721e88	POST	/asset-nft-address	undefined
20230908	20:03:31	9984f300-24ee-4340-b961-4c46928574e6	POST	/asset-nft-address	undefined
20230908	20:03:41	8e741ae8-b5e9-4769-afda-719b3dfd3649	POST	/asset-nft-address	undefined
20230908	20:03:49	9899bb2b-6709-4b16-8c30-5415bb387742	POST	/asset-nft-address	undefined
20230908	20:04:19	4d7b3345-74e5-4638-a14a-06a9b0b7242d	POST	/asset-nft-address	undefined
20230908	20:05:09	ef657b3e-5fe1-4829-b90d-6130b7b18d9d	POST	/asset-nft-address	undefined
20230908	20:05:16	0e82ee72-65c8-47a0-89a8-7ba4224f26c9	POST	/asset-nft-address	undefined
20230908	20:05:22	cf2e4d61-dbb8-4d8b-b6c1-1e2200f3f18d	POST	/asset-nft-address	undefined
20230908	20:06:00	2c055ea4-9eee-4c45-9976-2e9e45b2d498	POST	/asset-nft-address	undefined
20230908	20:14:19	fb0b88a3-d7db-461a-af07-bd78523e7867	POST	/koios/assets/asset-infomation	undefined
20230908	20:15:06	19b98bfc-ffac-4148-9d6c-87477aa7141a	POST	/koios/assets/asset-infomation	undefined
20230908	20:28:39	50e1502e-dc59-4cbd-a44a-3e84932d22aa	POST	/koios/assets/policy-asset-information	undefined
20230908	20:28:44	8330cc8f-dfee-455a-afdd-b7573a36451c	POST	/koios/assets/policy-asset-information	undefined
20230908	20:31:06	de55bcb3-23c2-4903-9d7a-0eab73ef0d31	GET	/koios/assets/asset-policy-infomation	undefined
20230908	20:31:14	054da11a-f076-460b-97f7-a06950fc17e5	POST	/koios/assets/asset-policy-infomation	undefined
20230908	20:31:19	8806de48-8675-424f-908a-7dafdf752ca7	POST	/koios/assets/policy-asset-information	undefined
20230908	20:32:24	a3e6d294-a01e-4cb2-aa96-74f7b3ed1454	POST	/koios/assets/asset-policy-infomation	undefined
20230908	20:32:29	aaea11a2-4a15-4275-a18c-03fa5c8a8d7d	POST	/koios/assets/policy-asset-information	undefined
20230908	20:34:22	4b4b90c0-8b9e-4514-bbb5-91110e21e46e	GET	/koios/assets/asset_summary	undefined
20230908	20:34:25	8b010601-a26f-4a90-b961-028954d06a32	GET	/koios/assets/asset_summary	undefined
20230908	20:34:29	19ea69a9-234d-4de3-9abb-769c268f407e	POST	/koios/assets/asset_summary	undefined
20230908	20:34:36	bd8446e7-657a-4857-8f96-bf75a5018a4e	POST	/koios/assets/asset_summary	undefined
20230908	20:34:37	59ca2406-89ba-4cd6-899a-fe736074ea2b	POST	/koios/assets/asset_summary	undefined
20230908	20:34:38	9e9c5cc3-b116-4073-8773-5107c8a6b70d	POST	/koios/assets/asset_summary	undefined
20230908	20:34:38	9847ac7f-e9a1-4982-b7c0-389f3c489767	POST	/koios/assets/asset_summary	undefined
20230908	20:34:52	b438f8ce-f2ba-47a2-b053-3eb3a73269fb	POST	/koios/assets/asset_summary	undefined
20230908	20:34:53	049e7e92-ee9b-46ef-b08b-38984e1318c2	POST	/koios/assets/asset_summary	undefined
20230908	20:34:54	f172c2f8-b4c1-4abf-920f-41dd06c1f849	POST	/koios/assets/asset_summary	undefined
20230908	20:36:36	a1f65143-4789-4138-a027-fd2ca19186b1	POST	/koios/assets/asset_summary	undefined
20230908	20:36:50	73ee1ec0-7911-4a08-8f38-61bb90d15ba4	GET	/koios/assets/asset-policy-infomation	undefined
20230908	20:37:10	ec80eab6-7334-45fd-a494-7f790d7d5375	GET	/koios/assets/policy-asset-information	undefined
20230908	20:37:45	ad068d57-e676-45fe-9043-e97f4325403d	POST	/koios/assets/policy-asset-information	undefined
20230908	20:37:55	0aaeb4d7-493d-4a56-8c95-e1e10d572814	GET	/koios/assets/asset-policy-infomation	undefined
20230908	20:38:43	dd703d0c-f54e-4cfb-84e7-8b566aff26bd	GET	/koios/assets/asset-policy-infomation	undefined
20230908	20:38:49	d934c07d-4aaf-4175-9899-9d172cbb38a6	POST	/koios/assets/asset-policy-infomation	undefined
20230908	20:38:59	8f805016-5782-4cff-91d8-37b951c4b026	POST	/koios/assets/asset_summary	undefined
20230908	20:39:14	f2fed3b3-a347-495d-bdd7-c8dde1bcdb72	POST	/koios/assets/asset_summary	undefined
20230908	20:40:06	aaeba640-0b5d-4625-a297-1cee8a078318	POST	/koios/assets/asset-policy-infomation	undefined
20230908	20:40:36	c70bb9bd-2680-4c06-bd62-1a1b67e7d375	POST	/koios/assets/policy-asset-information	undefined
20230908	20:40:46	f4b94569-8a83-4894-b231-35710d46e8a0	POST	/koios/assets/asset_summary	undefined
20230908	20:40:48	f9ff570e-e7c3-40dc-b5ca-9591c179d87f	POST	/koios/assets/asset_summary	undefined
20230908	20:41:51	01567408-e03b-4e1e-a686-0dac50928b69	POST	/koios/assets/asset_summary	undefined
20230908	20:41:56	abbcf862-fa95-4e3c-b6c6-8e9d969a1b11	POST	/koios/assets/asset_summary	undefined
20230908	20:42:04	83278b81-3ed7-4f14-9689-7d31fc546066	POST	/koios/assets/asset-policy-infomation	undefined
20230908	20:42:51	85ccff96-1081-4408-bf2e-2dd442a3c148	POST	/koios/assets/asset_summary	undefined
20230908	20:44:00	635b01ba-c20a-4f12-8e54-c0cdfec61139	POST	/koios/assets/asset-infomation	undefined
20230908	20:45:23	8a9075b1-7501-4ba4-b70d-5feed84445d1	POST	/transaction	undefined
20230908	20:46:53	6201791b-e33f-4b3c-bc15-e5f68075edfc	POST	/koios/assets/policy-asset-list	undefined
20230908	20:50:06	e56137bf-c45f-4e56-b71a-de5444e0a5af	POST	/koios/assets/policy-asset-list	undefined
20230908	20:50:08	a51ea67b-9002-406b-9bf7-8bb2b5f734e5	POST	/koios/assets/policy-asset-list	undefined
20230908	20:50:09	9dc3f533-f9a3-4cf7-9529-a2147f887d47	POST	/koios/assets/policy-asset-list	undefined
20230908	20:50:09	43a1343e-bda6-46cc-926f-c1264010b1ed	POST	/koios/assets/policy-asset-list	undefined
20230908	20:50:49	34793801-d627-4557-a083-acd6bf1c0d4a	POST	/koios/assets/asset_summary	undefined
20230908	20:50:58	48c6fd58-083c-4ab2-8c6a-c822112ba59c	POST	/koios/assets/asset-summary	undefined
20230908	20:51:10	2ff78f2a-8171-4d7e-b80e-fc004da110b2	POST	/koios/assets/policy-asset-list	undefined
